Compiled jquery.js  (4ms)  (pid 4680)
Compiled jquery_ujs.js  (0ms)  (pid 4680)
Compiled twitter/bootstrap/bootstrap-transition.js  (0ms)  (pid 4680)
Compiled twitter/bootstrap/bootstrap-alert.js  (0ms)  (pid 4680)
Compiled twitter/bootstrap/bootstrap-modal.js  (0ms)  (pid 4680)
Compiled twitter/bootstrap/bootstrap-dropdown.js  (0ms)  (pid 4680)
Compiled twitter/bootstrap/bootstrap-scrollspy.js  (0ms)  (pid 4680)
Compiled twitter/bootstrap/bootstrap-tab.js  (0ms)  (pid 4680)
Compiled twitter/bootstrap/bootstrap-tooltip.js  (0ms)  (pid 4680)
Compiled twitter/bootstrap/bootstrap-popover.js  (0ms)  (pid 4680)
Compiled twitter/bootstrap/bootstrap-button.js  (0ms)  (pid 4680)
Compiled twitter/bootstrap/bootstrap-collapse.js  (0ms)  (pid 4680)
Compiled twitter/bootstrap/bootstrap-carousel.js  (0ms)  (pid 4680)
Compiled twitter/bootstrap/bootstrap-typeahead.js  (0ms)  (pid 4680)
Compiled twitter/bootstrap/bootstrap-affix.js  (0ms)  (pid 4680)
Compiled twitter/bootstrap.js  (119ms)  (pid 4680)
Compiled articles.js  (78ms)  (pid 4680)
Compiled bootstrap.js  (3ms)  (pid 4680)
Compiled categories.js  (0ms)  (pid 4680)
Compiled ckeditor/config.js  (0ms)  (pid 4680)
Compiled comments.js  (0ms)  (pid 4680)
Compiled home.js  (0ms)  (pid 4680)
Compiled setadmins.js  (0ms)  (pid 4680)
Compiled settings.js  (0ms)  (pid 4680)
Compiled setup.js  (0ms)  (pid 4680)
Compiled themes.js  (0ms)  (pid 4680)
Compiled versions.js  (0ms)  (pid 4680)
Compiled ckeditor/ckeditor.js  (45ms)  (pid 4680)
Compiled ckeditor/init.js  (70ms)  (pid 4680)
Compiled application.js  (467ms)  (pid 4680)
Compiled ckeditor/contents.css  (0ms)  (pid 4680)
Compiled articles.css  (70ms)  (pid 4680)
Compiled bootstrap.css  (1ms)  (pid 4680)
Compiled bootstrap_and_overrides.css.develop  (773ms)  (pid 4680)
Compiled categories.css  (5ms)  (pid 4680)
Compiled comments.css  (1ms)  (pid 4680)
Compiled home.css  (15ms)  (pid 4680)
Compiled images.css  (1ms)  (pid 4680)
Compiled prettyPhoto.css  (0ms)  (pid 4680)
Compiled setadmins.css  (1ms)  (pid 4680)
Compiled settings.css  (1ms)  (pid 4680)
Compiled setup.css  (1ms)  (pid 4680)
Compiled themes.css  (1ms)  (pid 4680)
Compiled versions.css  (1ms)  (pid 4680)
Compiled application.css  (1023ms)  (pid 4680)
Compiled ckeditor/filebrowser/javascripts/jquery.min.js  (1ms)  (pid 4680)
Compiled ckeditor/filebrowser/javascripts/jquery.tmpl.min.js  (0ms)  (pid 4680)
Compiled ckeditor/filebrowser/javascripts/fileuploader.js  (1ms)  (pid 4680)
Compiled ckeditor/filebrowser/javascripts/rails.js  (0ms)  (pid 4680)
Compiled ckeditor/filebrowser/javascripts/application.js  (0ms)  (pid 4680)
Compiled ckeditor/application.js  (156ms)  (pid 4680)
Compiled ckeditor/filebrowser/stylesheets/uploader.css  (0ms)  (pid 4680)
Compiled ckeditor/application.css  (7ms)  (pid 4680)
Compiled ckeditor/adapters/jquery.js  (0ms)  (pid 4680)
Compiled ckeditor/ckeditor_basic.js  (0ms)  (pid 4680)
Compiled ckeditor/ckeditor_basic_source.js  (0ms)  (pid 4680)
Compiled ckeditor/ckeditor_source.js  (0ms)  (pid 4680)
Compiled ckeditor/lang/_languages.js  (0ms)  (pid 4680)
Compiled ckeditor/lang/af.js  (0ms)  (pid 4680)
Compiled ckeditor/lang/ar.js  (1ms)  (pid 4680)
Compiled ckeditor/lang/bg.js  (0ms)  (pid 4680)
Compiled ckeditor/lang/bn.js  (1ms)  (pid 4680)
Compiled ckeditor/lang/bs.js  (0ms)  (pid 4680)
Compiled ckeditor/lang/ca.js  (0ms)  (pid 4680)
Compiled ckeditor/lang/cs.js  (0ms)  (pid 4680)
Compiled ckeditor/lang/cy.js  (0ms)  (pid 4680)
Compiled ckeditor/lang/da.js  (0ms)  (pid 4680)
Compiled ckeditor/lang/de.js  (0ms)  (pid 4680)
Compiled ckeditor/lang/el.js  (0ms)  (pid 4680)
Compiled ckeditor/lang/en-au.js  (0ms)  (pid 4680)
Compiled ckeditor/lang/en-ca.js  (0ms)  (pid 4680)
Compiled ckeditor/lang/en-gb.js  (0ms)  (pid 4680)
Compiled ckeditor/lang/en.js  (0ms)  (pid 4680)
Compiled ckeditor/lang/eo.js  (0ms)  (pid 4680)
Compiled ckeditor/lang/es.js  (0ms)  (pid 4680)
Compiled ckeditor/lang/et.js  (0ms)  (pid 4680)
Compiled ckeditor/lang/eu.js  (0ms)  (pid 4680)
Compiled ckeditor/lang/fa.js  (1ms)  (pid 4680)
Compiled ckeditor/lang/fi.js  (0ms)  (pid 4680)
Compiled ckeditor/lang/fo.js  (0ms)  (pid 4680)
Compiled ckeditor/lang/fr-ca.js  (0ms)  (pid 4680)
Compiled ckeditor/lang/fr.js  (0ms)  (pid 4680)
Compiled ckeditor/lang/gl.js  (0ms)  (pid 4680)
Compiled ckeditor/lang/gu.js  (1ms)  (pid 4680)
Compiled ckeditor/lang/he.js  (1ms)  (pid 4680)
Compiled ckeditor/lang/hi.js  (1ms)  (pid 4680)
Compiled ckeditor/lang/hr.js  (0ms)  (pid 4680)
Compiled ckeditor/lang/hu.js  (0ms)  (pid 4680)
Compiled ckeditor/lang/is.js  (0ms)  (pid 4680)
Compiled ckeditor/lang/it.js  (0ms)  (pid 4680)
Compiled ckeditor/lang/ja.js  (0ms)  (pid 4680)
Compiled ckeditor/lang/ka.js  (1ms)  (pid 4680)
Compiled ckeditor/lang/km.js  (0ms)  (pid 4680)
Compiled ckeditor/lang/ko.js  (0ms)  (pid 4680)
Compiled ckeditor/lang/lt.js  (0ms)  (pid 4680)
Compiled ckeditor/lang/lv.js  (0ms)  (pid 4680)
Compiled ckeditor/lang/mk.js  (0ms)  (pid 4680)
Compiled ckeditor/lang/mn.js  (0ms)  (pid 4680)
Compiled ckeditor/lang/ms.js  (0ms)  (pid 4680)
Compiled ckeditor/lang/nb.js  (0ms)  (pid 4680)
Compiled ckeditor/lang/nl.js  (0ms)  (pid 4680)
Compiled ckeditor/lang/no.js  (0ms)  (pid 4680)
Compiled ckeditor/lang/pl.js  (0ms)  (pid 4680)
Compiled ckeditor/lang/pt-br.js  (0ms)  (pid 4680)
Compiled ckeditor/lang/pt.js  (0ms)  (pid 4680)
Compiled ckeditor/lang/ro.js  (0ms)  (pid 4680)
Compiled ckeditor/lang/ru.js  (1ms)  (pid 4680)
Compiled ckeditor/lang/sk.js  (0ms)  (pid 4680)
Compiled ckeditor/lang/sl.js  (0ms)  (pid 4680)
Compiled ckeditor/lang/sr-latn.js  (0ms)  (pid 4680)
Compiled ckeditor/lang/sr.js  (0ms)  (pid 4680)
Compiled ckeditor/lang/sv.js  (0ms)  (pid 4680)
Compiled ckeditor/lang/th.js  (0ms)  (pid 4680)
Compiled ckeditor/lang/tr.js  (0ms)  (pid 4680)
Compiled ckeditor/lang/ug.js  (1ms)  (pid 4680)
Compiled ckeditor/lang/uk.js  (1ms)  (pid 4680)
Compiled ckeditor/lang/vi.js  (0ms)  (pid 4680)
Compiled ckeditor/lang/zh-cn.js  (0ms)  (pid 4680)
Compiled ckeditor/lang/zh.js  (0ms)  (pid 4680)
Compiled ckeditor/plugins/a11yhelp/dialogs/a11yhelp.js  (0ms)  (pid 4680)
Compiled ckeditor/plugins/a11yhelp/lang/cs.js  (0ms)  (pid 4680)
Compiled ckeditor/plugins/a11yhelp/lang/cy.js  (0ms)  (pid 4680)
Compiled ckeditor/plugins/a11yhelp/lang/da.js  (0ms)  (pid 4680)
Compiled ckeditor/plugins/a11yhelp/lang/de.js  (0ms)  (pid 4680)
Compiled ckeditor/plugins/a11yhelp/lang/el.js  (0ms)  (pid 4680)
Compiled ckeditor/plugins/a11yhelp/lang/en.js  (0ms)  (pid 4680)
Compiled ckeditor/plugins/a11yhelp/lang/eo.js  (0ms)  (pid 4680)
Compiled ckeditor/plugins/a11yhelp/lang/fa.js  (0ms)  (pid 4680)
Compiled ckeditor/plugins/a11yhelp/lang/fi.js  (0ms)  (pid 4680)
Compiled ckeditor/plugins/a11yhelp/lang/fr.js  (0ms)  (pid 4680)
Compiled ckeditor/plugins/a11yhelp/lang/gu.js  (0ms)  (pid 4680)
Compiled ckeditor/plugins/a11yhelp/lang/he.js  (0ms)  (pid 4680)
Compiled ckeditor/plugins/a11yhelp/lang/it.js  (0ms)  (pid 4680)
Compiled ckeditor/plugins/a11yhelp/lang/mk.js  (0ms)  (pid 4680)
Compiled ckeditor/plugins/a11yhelp/lang/nb.js  (0ms)  (pid 4680)
Compiled ckeditor/plugins/a11yhelp/lang/nl.js  (0ms)  (pid 4680)
Compiled ckeditor/plugins/a11yhelp/lang/no.js  (0ms)  (pid 4680)
Compiled ckeditor/plugins/a11yhelp/lang/tr.js  (0ms)  (pid 4680)
Compiled ckeditor/plugins/a11yhelp/lang/ug.js  (0ms)  (pid 4680)
Compiled ckeditor/plugins/a11yhelp/lang/vi.js  (0ms)  (pid 4680)
Compiled ckeditor/plugins/a11yhelp/lang/zh-cn.js  (0ms)  (pid 4680)
Compiled ckeditor/plugins/about/dialogs/about.js  (0ms)  (pid 4680)
Compiled ckeditor/plugins/adobeair/plugin.js  (0ms)  (pid 4680)
Compiled ckeditor/plugins/ajax/plugin.js  (0ms)  (pid 4680)
Compiled ckeditor/plugins/attachment/dialogs/attachment.js  (0ms)  (pid 4680)
Compiled ckeditor/plugins/attachment/lang/en.js  (0ms)  (pid 4680)
Compiled ckeditor/plugins/attachment/lang/ru.js  (0ms)  (pid 4680)
Compiled ckeditor/plugins/attachment/lang/uk.js  (0ms)  (pid 4680)
Compiled ckeditor/plugins/attachment/plugin.js  (0ms)  (pid 4680)
Compiled ckeditor/plugins/autogrow/plugin.js  (0ms)  (pid 4680)
Compiled ckeditor/plugins/bbcode/plugin.js  (0ms)  (pid 4680)
Compiled ckeditor/plugins/clipboard/dialogs/paste.js  (0ms)  (pid 4680)
Compiled ckeditor/plugins/colordialog/dialogs/colordialog.js  (0ms)  (pid 4680)
Compiled ckeditor/plugins/devtools/lang/bg.js  (0ms)  (pid 4680)
Compiled ckeditor/plugins/devtools/lang/cs.js  (0ms)  (pid 4680)
Compiled ckeditor/plugins/devtools/lang/cy.js  (0ms)  (pid 4680)
Compiled ckeditor/plugins/devtools/lang/da.js  (0ms)  (pid 4680)
Compiled ckeditor/plugins/devtools/lang/de.js  (0ms)  (pid 4680)
Compiled ckeditor/plugins/devtools/lang/el.js  (0ms)  (pid 4680)
Compiled ckeditor/plugins/devtools/lang/en.js  (0ms)  (pid 4680)
Compiled ckeditor/plugins/devtools/lang/eo.js  (0ms)  (pid 4680)
Compiled ckeditor/plugins/devtools/lang/et.js  (0ms)  (pid 4680)
Compiled ckeditor/plugins/devtools/lang/fa.js  (0ms)  (pid 4680)
Compiled ckeditor/plugins/devtools/lang/fi.js  (0ms)  (pid 4680)
Compiled ckeditor/plugins/devtools/lang/fr.js  (0ms)  (pid 4680)
Compiled ckeditor/plugins/devtools/lang/gu.js  (0ms)  (pid 4680)
Compiled ckeditor/plugins/devtools/lang/he.js  (0ms)  (pid 4680)
Compiled ckeditor/plugins/devtools/lang/hr.js  (0ms)  (pid 4680)
Compiled ckeditor/plugins/devtools/lang/it.js  (0ms)  (pid 4680)
Compiled ckeditor/plugins/devtools/lang/nb.js  (0ms)  (pid 4680)
Compiled ckeditor/plugins/devtools/lang/nl.js  (0ms)  (pid 4680)
Compiled ckeditor/plugins/devtools/lang/no.js  (0ms)  (pid 4680)
Compiled ckeditor/plugins/devtools/lang/pl.js  (0ms)  (pid 4680)
Compiled ckeditor/plugins/devtools/lang/tr.js  (0ms)  (pid 4680)
Compiled ckeditor/plugins/devtools/lang/ug.js  (0ms)  (pid 4680)
Compiled ckeditor/plugins/devtools/lang/uk.js  (0ms)  (pid 4680)
Compiled ckeditor/plugins/devtools/lang/vi.js  (0ms)  (pid 4680)
Compiled ckeditor/plugins/devtools/lang/zh-cn.js  (0ms)  (pid 4680)
Compiled ckeditor/plugins/devtools/plugin.js  (0ms)  (pid 4680)
Compiled ckeditor/plugins/dialog/dialogDefinition.js  (0ms)  (pid 4680)
Compiled ckeditor/plugins/div/dialogs/div.js  (0ms)  (pid 4680)
Compiled ckeditor/plugins/docprops/dialogs/docprops.js  (0ms)  (pid 4680)
Compiled ckeditor/plugins/docprops/plugin.js  (0ms)  (pid 4680)
Compiled ckeditor/plugins/embed/dialogs/embed.js  (0ms)  (pid 4680)
Compiled ckeditor/plugins/embed/lang/el.js  (0ms)  (pid 4680)
Compiled ckeditor/plugins/embed/lang/en.js  (0ms)  (pid 4680)
Compiled ckeditor/plugins/embed/lang/ru.js  (0ms)  (pid 4680)
Compiled ckeditor/plugins/embed/lang/uk.js  (0ms)  (pid 4680)
Compiled ckeditor/plugins/embed/plugin.js  (0ms)  (pid 4680)
Compiled ckeditor/plugins/find/dialogs/find.js  (0ms)  (pid 4680)
Compiled ckeditor/plugins/flash/dialogs/flash.js  (0ms)  (pid 4680)
Compiled ckeditor/plugins/forms/dialogs/button.js  (0ms)  (pid 4680)
Compiled ckeditor/plugins/forms/dialogs/checkbox.js  (0ms)  (pid 4680)
Compiled ckeditor/plugins/forms/dialogs/form.js  (0ms)  (pid 4680)
Compiled ckeditor/plugins/forms/dialogs/hiddenfield.js  (0ms)  (pid 4680)
Compiled ckeditor/plugins/forms/dialogs/radio.js  (0ms)  (pid 4680)
Compiled ckeditor/plugins/forms/dialogs/select.js  (0ms)  (pid 4680)
Compiled ckeditor/plugins/forms/dialogs/textarea.js  (0ms)  (pid 4680)
Compiled ckeditor/plugins/forms/dialogs/textfield.js  (0ms)  (pid 4680)
Compiled ckeditor/plugins/iframe/dialogs/iframe.js  (0ms)  (pid 4680)
Compiled ckeditor/plugins/iframedialog/plugin.js  (0ms)  (pid 4680)
Compiled ckeditor/plugins/image/dialogs/image.js  (0ms)  (pid 4680)
Compiled ckeditor/plugins/link/dialogs/anchor.js  (0ms)  (pid 4680)
Compiled ckeditor/plugins/link/dialogs/link.js  (0ms)  (pid 4680)
Compiled ckeditor/plugins/liststyle/dialogs/liststyle.js  (0ms)  (pid 4680)
Compiled ckeditor/plugins/pastefromword/filter/default.js  (0ms)  (pid 4680)
Compiled ckeditor/plugins/pastetext/dialogs/pastetext.js  (0ms)  (pid 4680)
Compiled ckeditor/plugins/placeholder/dialogs/placeholder.js  (0ms)  (pid 4680)
Compiled ckeditor/plugins/placeholder/lang/bg.js  (0ms)  (pid 4680)
Compiled ckeditor/plugins/placeholder/lang/cs.js  (0ms)  (pid 4680)
Compiled ckeditor/plugins/placeholder/lang/cy.js  (0ms)  (pid 4680)
Compiled ckeditor/plugins/placeholder/lang/da.js  (0ms)  (pid 4680)
Compiled ckeditor/plugins/placeholder/lang/de.js  (0ms)  (pid 4680)
Compiled ckeditor/plugins/placeholder/lang/el.js  (0ms)  (pid 4680)
Compiled ckeditor/plugins/placeholder/lang/en.js  (0ms)  (pid 4680)
Compiled ckeditor/plugins/placeholder/lang/eo.js  (0ms)  (pid 4680)
Compiled ckeditor/plugins/placeholder/lang/et.js  (0ms)  (pid 4680)
Compiled ckeditor/plugins/placeholder/lang/fa.js  (0ms)  (pid 4680)
Compiled ckeditor/plugins/placeholder/lang/fi.js  (0ms)  (pid 4680)
Compiled ckeditor/plugins/placeholder/lang/fr.js  (0ms)  (pid 4680)
Compiled ckeditor/plugins/placeholder/lang/he.js  (0ms)  (pid 4680)
Compiled ckeditor/plugins/placeholder/lang/hr.js  (0ms)  (pid 4680)
Compiled ckeditor/plugins/placeholder/lang/it.js  (0ms)  (pid 4680)
Compiled ckeditor/plugins/placeholder/lang/nb.js  (0ms)  (pid 4680)
Compiled ckeditor/plugins/placeholder/lang/nl.js  (0ms)  (pid 4680)
Compiled ckeditor/plugins/placeholder/lang/no.js  (0ms)  (pid 4680)
Compiled ckeditor/plugins/placeholder/lang/pl.js  (0ms)  (pid 4680)
Compiled ckeditor/plugins/placeholder/lang/tr.js  (0ms)  (pid 4680)
Compiled ckeditor/plugins/placeholder/lang/ug.js  (0ms)  (pid 4680)
Compiled ckeditor/plugins/placeholder/lang/uk.js  (0ms)  (pid 4680)
Compiled ckeditor/plugins/placeholder/lang/vi.js  (0ms)  (pid 4680)
Compiled ckeditor/plugins/placeholder/lang/zh-cn.js  (0ms)  (pid 4680)
Compiled ckeditor/plugins/placeholder/plugin.js  (0ms)  (pid 4680)
Compiled ckeditor/plugins/scayt/dialogs/options.js  (0ms)  (pid 4680)
Compiled ckeditor/plugins/scayt/dialogs/toolbar.css  (0ms)  (pid 4680)
Compiled ckeditor/plugins/smiley/dialogs/smiley.js  (0ms)  (pid 4680)
Compiled ckeditor/plugins/specialchar/dialogs/specialchar.js  (0ms)  (pid 4680)
Compiled ckeditor/plugins/specialchar/lang/cs.js  (0ms)  (pid 4680)
Compiled ckeditor/plugins/specialchar/lang/cy.js  (0ms)  (pid 4680)
Compiled ckeditor/plugins/specialchar/lang/de.js  (0ms)  (pid 4680)
Compiled ckeditor/plugins/specialchar/lang/en.js  (0ms)  (pid 4680)
Compiled ckeditor/plugins/specialchar/lang/eo.js  (0ms)  (pid 4680)
Compiled ckeditor/plugins/specialchar/lang/et.js  (0ms)  (pid 4680)
Compiled ckeditor/plugins/specialchar/lang/fa.js  (0ms)  (pid 4680)
Compiled ckeditor/plugins/specialchar/lang/fi.js  (0ms)  (pid 4680)
Compiled ckeditor/plugins/specialchar/lang/fr.js  (0ms)  (pid 4680)
Compiled ckeditor/plugins/specialchar/lang/hr.js  (0ms)  (pid 4680)
Compiled ckeditor/plugins/specialchar/lang/it.js  (0ms)  (pid 4680)
Compiled ckeditor/plugins/specialchar/lang/nb.js  (0ms)  (pid 4680)
Compiled ckeditor/plugins/specialchar/lang/nl.js  (0ms)  (pid 4680)
Compiled ckeditor/plugins/specialchar/lang/no.js  (0ms)  (pid 4680)
Compiled ckeditor/plugins/specialchar/lang/tr.js  (0ms)  (pid 4680)
Compiled ckeditor/plugins/specialchar/lang/ug.js  (0ms)  (pid 4680)
Compiled ckeditor/plugins/specialchar/lang/zh-cn.js  (0ms)  (pid 4680)
Compiled ckeditor/plugins/styles/styles/default.js  (0ms)  (pid 4680)
Compiled ckeditor/plugins/stylesheetparser/plugin.js  (0ms)  (pid 4680)
Compiled ckeditor/plugins/table/dialogs/table.js  (0ms)  (pid 4680)
Compiled ckeditor/plugins/tableresize/plugin.js  (0ms)  (pid 4680)
Compiled ckeditor/plugins/tabletools/dialogs/tableCell.js  (0ms)  (pid 4680)
Compiled ckeditor/plugins/templates/dialogs/templates.js  (0ms)  (pid 4680)
Compiled ckeditor/plugins/templates/templates/default.js  (0ms)  (pid 4680)
Compiled ckeditor/plugins/uicolor/dialogs/uicolor.js  (0ms)  (pid 4680)
Compiled ckeditor/plugins/uicolor/lang/bg.js  (0ms)  (pid 4680)
Compiled ckeditor/plugins/uicolor/lang/cs.js  (0ms)  (pid 4680)
Compiled ckeditor/plugins/uicolor/lang/cy.js  (0ms)  (pid 4680)
Compiled ckeditor/plugins/uicolor/lang/da.js  (0ms)  (pid 4680)
Compiled ckeditor/plugins/uicolor/lang/de.js  (0ms)  (pid 4680)
Compiled ckeditor/plugins/uicolor/lang/el.js  (0ms)  (pid 4680)
Compiled ckeditor/plugins/uicolor/lang/en.js  (0ms)  (pid 4680)
Compiled ckeditor/plugins/uicolor/lang/eo.js  (0ms)  (pid 4680)
Compiled ckeditor/plugins/uicolor/lang/et.js  (0ms)  (pid 4680)
Compiled ckeditor/plugins/uicolor/lang/fa.js  (0ms)  (pid 4680)
Compiled ckeditor/plugins/uicolor/lang/fi.js  (0ms)  (pid 4680)
Compiled ckeditor/plugins/uicolor/lang/fr.js  (0ms)  (pid 4680)
Compiled ckeditor/plugins/uicolor/lang/he.js  (0ms)  (pid 4680)
Compiled ckeditor/plugins/uicolor/lang/hr.js  (0ms)  (pid 4680)
Compiled ckeditor/plugins/uicolor/lang/it.js  (0ms)  (pid 4680)
Compiled ckeditor/plugins/uicolor/lang/mk.js  (0ms)  (pid 4680)
Compiled ckeditor/plugins/uicolor/lang/nb.js  (0ms)  (pid 4680)
Compiled ckeditor/plugins/uicolor/lang/nl.js  (0ms)  (pid 4680)
Compiled ckeditor/plugins/uicolor/lang/no.js  (0ms)  (pid 4680)
Compiled ckeditor/plugins/uicolor/lang/pl.js  (0ms)  (pid 4680)
Compiled ckeditor/plugins/uicolor/lang/tr.js  (0ms)  (pid 4680)
Compiled ckeditor/plugins/uicolor/lang/ug.js  (0ms)  (pid 4680)
Compiled ckeditor/plugins/uicolor/lang/uk.js  (0ms)  (pid 4680)
Compiled ckeditor/plugins/uicolor/lang/vi.js  (0ms)  (pid 4680)
Compiled ckeditor/plugins/uicolor/lang/zh-cn.js  (0ms)  (pid 4680)
Compiled ckeditor/plugins/uicolor/plugin.js  (0ms)  (pid 4680)
Compiled ckeditor/plugins/uicolor/yui/assets/yui.css  (0ms)  (pid 4680)
